[  935125ms] [WARNING] Detected `scroll-behavior: smooth` on the `<html>` element. To disable smooth scrolling during route transitions, add `data-scroll-behavior="smooth"` to your <html> element. Learn more: https://nextjs.org/docs/messages/missing-data-scroll-behavior @ http://localhost:3000/_next/static/chunks/b2b3e_next_dist_77a734fe._.js:2307
[ 1130690ms] [ERROR] WebSocket connection to 'ws://localhost:3000/_next/webpack-hmr?id=fqWkX505GucZDxzDdhC5c' failed: Error in connection establishment: net::ERR_CONNECTION_REFUSED @ http://localhost:3000/_next/static/chunks/b2b3e_next_dist_client_121ab40e._.js:10878
[ 1131693ms] [ERROR] WebSocket connection to 'ws://localhost:3000/_next/webpack-hmr?id=fqWkX505GucZDxzDdhC5c' failed: Error in connection establishment: net::ERR_CONNECTION_REFUSED @ http://localhost:3000/_next/static/chunks/b2b3e_next_dist_client_121ab40e._.js:10878
[ 1132696ms] [ERROR] WebSocket connection to 'ws://localhost:3000/_next/webpack-hmr?id=fqWkX505GucZDxzDdhC5c' failed: Error in connection establishment: net::ERR_CONNECTION_REFUSED @ http://localhost:3000/_next/static/chunks/b2b3e_next_dist_client_121ab40e._.js:10878
[ 1133699ms] [ERROR] WebSocket connection to 'ws://localhost:3000/_next/webpack-hmr?id=fqWkX505GucZDxzDdhC5c' failed: Error in connection establishment: net::ERR_CONNECTION_REFUSED @ http://localhost:3000/_next/static/chunks/b2b3e_next_dist_client_121ab40e._.js:10878
[ 1134704ms] [ERROR] WebSocket connection to 'ws://localhost:3000/_next/webpack-hmr?id=fqWkX505GucZDxzDdhC5c' failed: Error in connection establishment: net::ERR_CONNECTION_REFUSED @ http://localhost:3000/_next/static/chunks/b2b3e_next_dist_client_121ab40e._.js:10878
[ 1139708ms] [ERROR] WebSocket connection to 'ws://localhost:3000/_next/webpack-hmr?id=fqWkX505GucZDxzDdhC5c' failed: Error in connection establishment: net::ERR_CONNECTION_REFUSED @ http://localhost:3000/_next/static/chunks/b2b3e_next_dist_client_121ab40e._.js:10878
[ 1144718ms] [ERROR] WebSocket connection to 'ws://localhost:3000/_next/webpack-hmr?id=fqWkX505GucZDxzDdhC5c' failed: Error in connection establishment: net::ERR_CONNECTION_REFUSED @ http://localhost:3000/_next/static/chunks/b2b3e_next_dist_client_121ab40e._.js:10878
[ 1149739ms] [ERROR] WebSocket connection to 'ws://localhost:3000/_next/webpack-hmr?id=fqWkX505GucZDxzDdhC5c' failed: Error in connection establishment: net::ERR_CONNECTION_REFUSED @ http://localhost:3000/_next/static/chunks/b2b3e_next_dist_client_121ab40e._.js:10878
[ 1154760ms] [ERROR] WebSocket connection to 'ws://localhost:3000/_next/webpack-hmr?id=fqWkX505GucZDxzDdhC5c' failed: Error in connection establishment: net::ERR_CONNECTION_REFUSED @ http://localhost:3000/_next/static/chunks/b2b3e_next_dist_client_121ab40e._.js:10878
[ 1159814ms] [ERROR] WebSocket connection to 'ws://localhost:3000/_next/webpack-hmr?id=fqWkX505GucZDxzDdhC5c' failed: Error in connection establishment: net::ERR_CONNECTION_REFUSED @ http://localhost:3000/_next/static/chunks/b2b3e_next_dist_client_121ab40e._.js:10878
[ 1164874ms] [ERROR] WebSocket connection to 'ws://localhost:3000/_next/webpack-hmr?id=fqWkX505GucZDxzDdhC5c' failed: Error in connection establishment: net::ERR_CONNECTION_REFUSED @ http://localhost:3000/_next/static/chunks/b2b3e_next_dist_client_121ab40e._.js:10878
[ 1170149ms] [ERROR] WebSocket connection to 'ws://localhost:3000/_next/webpack-hmr?id=fqWkX505GucZDxzDdhC5c' failed: Error in connection establishment: net::ERR_CONNECTION_REFUSED @ http://localhost:3000/_next/static/chunks/b2b3e_next_dist_client_121ab40e._.js:10878
[ 1573282ms] [ERROR] WebSocket connection to 'ws://localhost:3000/_next/webpack-hmr?id=UAORk_GAYIBsSlyeZ05wD' failed: Error in connection establishment: net::ERR_CONNECTION_REFUSED @ http://localhost:3000/_next/static/chunks/7d626_next_dist_client_9a27084e._.js:10878
[ 1574286ms] [ERROR] WebSocket connection to 'ws://localhost:3000/_next/webpack-hmr?id=UAORk_GAYIBsSlyeZ05wD' failed: Error in connection establishment: net::ERR_CONNECTION_REFUSED @ http://localhost:3000/_next/static/chunks/7d626_next_dist_client_9a27084e._.js:10878
[ 1575290ms] [ERROR] WebSocket connection to 'ws://localhost:3000/_next/webpack-hmr?id=UAORk_GAYIBsSlyeZ05wD' failed: Error in connection establishment: net::ERR_CONNECTION_REFUSED @ http://localhost:3000/_next/static/chunks/7d626_next_dist_client_9a27084e._.js:10878
[ 1576294ms] [ERROR] WebSocket connection to 'ws://localhost:3000/_next/webpack-hmr?id=UAORk_GAYIBsSlyeZ05wD' failed: Error in connection establishment: net::ERR_CONNECTION_REFUSED @ http://localhost:3000/_next/static/chunks/7d626_next_dist_client_9a27084e._.js:10878
[ 1577297ms] [ERROR] WebSocket connection to 'ws://localhost:3000/_next/webpack-hmr?id=UAORk_GAYIBsSlyeZ05wD' failed: Error in connection establishment: net::ERR_CONNECTION_REFUSED @ http://localhost:3000/_next/static/chunks/7d626_next_dist_client_9a27084e._.js:10878
[ 1582299ms] [ERROR] WebSocket connection to 'ws://localhost:3000/_next/webpack-hmr?id=UAORk_GAYIBsSlyeZ05wD' failed: Error in connection establishment: net::ERR_CONNECTION_REFUSED @ http://localhost:3000/_next/static/chunks/7d626_next_dist_client_9a27084e._.js:10878
[ 1587301ms] [ERROR] WebSocket connection to 'ws://localhost:3000/_next/webpack-hmr?id=UAORk_GAYIBsSlyeZ05wD' failed: Error in connection establishment: net::ERR_CONNECTION_REFUSED @ http://localhost:3000/_next/static/chunks/7d626_next_dist_client_9a27084e._.js:10878
[ 1592303ms] [ERROR] WebSocket connection to 'ws://localhost:3000/_next/webpack-hmr?id=UAORk_GAYIBsSlyeZ05wD' failed: Error in connection establishment: net::ERR_CONNECTION_REFUSED @ http://localhost:3000/_next/static/chunks/7d626_next_dist_client_9a27084e._.js:10878
[ 1609344ms] [ERROR] WebSocket connection to 'ws://localhost:3000/_next/webpack-hmr?id=EC_7dEfuFOyO5Icd_G-az' failed: Error in connection establishment: net::ERR_CONNECTION_REFUSED @ http://localhost:3000/_next/static/chunks/7d626_next_dist_client_9a27084e._.js:10878
[ 1610349ms] [ERROR] WebSocket connection to 'ws://localhost:3000/_next/webpack-hmr?id=EC_7dEfuFOyO5Icd_G-az' failed: Error in connection establishment: net::ERR_CONNECTION_REFUSED @ http://localhost:3000/_next/static/chunks/7d626_next_dist_client_9a27084e._.js:10878
[ 1611353ms] [ERROR] WebSocket connection to 'ws://localhost:3000/_next/webpack-hmr?id=EC_7dEfuFOyO5Icd_G-az' failed: Error in connection establishment: net::ERR_CONNECTION_REFUSED @ http://localhost:3000/_next/static/chunks/7d626_next_dist_client_9a27084e._.js:10878
[ 1612360ms] [ERROR] WebSocket connection to 'ws://localhost:3000/_next/webpack-hmr?id=EC_7dEfuFOyO5Icd_G-az' failed: Error in connection establishment: net::ERR_CONNECTION_REFUSED @ http://localhost:3000/_next/static/chunks/7d626_next_dist_client_9a27084e._.js:10878
[ 1613364ms] [ERROR] WebSocket connection to 'ws://localhost:3000/_next/webpack-hmr?id=EC_7dEfuFOyO5Icd_G-az' failed: Error in connection establishment: net::ERR_CONNECTION_REFUSED @ http://localhost:3000/_next/static/chunks/7d626_next_dist_client_9a27084e._.js:10878
[ 1618368ms] [ERROR] WebSocket connection to 'ws://localhost:3000/_next/webpack-hmr?id=EC_7dEfuFOyO5Icd_G-az' failed: Error in connection establishment: net::ERR_CONNECTION_REFUSED @ http://localhost:3000/_next/static/chunks/7d626_next_dist_client_9a27084e._.js:10878
[ 1623370ms] [ERROR] WebSocket connection to 'ws://localhost:3000/_next/webpack-hmr?id=EC_7dEfuFOyO5Icd_G-az' failed: Error in connection establishment: net::ERR_CONNECTION_REFUSED @ http://localhost:3000/_next/static/chunks/7d626_next_dist_client_9a27084e._.js:10878
[ 1628372ms] [ERROR] WebSocket connection to 'ws://localhost:3000/_next/webpack-hmr?id=EC_7dEfuFOyO5Icd_G-az' failed: Error in connection establishment: net::ERR_CONNECTION_REFUSED @ http://localhost:3000/_next/static/chunks/7d626_next_dist_client_9a27084e._.js:10878
[ 1633378ms] [ERROR] WebSocket connection to 'ws://localhost:3000/_next/webpack-hmr?id=EC_7dEfuFOyO5Icd_G-az' failed: Error in connection establishment: net::ERR_CONNECTION_REFUSED @ http://localhost:3000/_next/static/chunks/7d626_next_dist_client_9a27084e._.js:10878
[ 1638383ms] [ERROR] WebSocket connection to 'ws://localhost:3000/_next/webpack-hmr?id=EC_7dEfuFOyO5Icd_G-az' failed: Error in connection establishment: net::ERR_CONNECTION_REFUSED @ http://localhost:3000/_next/static/chunks/7d626_next_dist_client_9a27084e._.js:10878
[ 1643393ms] [ERROR] WebSocket connection to 'ws://localhost:3000/_next/webpack-hmr?id=EC_7dEfuFOyO5Icd_G-az' failed: Error in connection establishment: net::ERR_CONNECTION_REFUSED @ http://localhost:3000/_next/static/chunks/7d626_next_dist_client_9a27084e._.js:10878
[ 1648402ms] [ERROR] WebSocket connection to 'ws://localhost:3000/_next/webpack-hmr?id=EC_7dEfuFOyO5Icd_G-az' failed: Error in connection establishment: net::ERR_CONNECTION_REFUSED @ http://localhost:3000/_next/static/chunks/7d626_next_dist_client_9a27084e._.js:10878
[ 3544151ms] [WARNING] [Fast Refresh] performing full reload

Fast Refresh will perform a full reload when you edit a file that's imported by modules outside of the React rendering tree.
You might have a file which exports a React component but also exports a value that is imported by a non-React component file.
Consider migrating the non-React component export to a separate file and importing it into both files.

It is also possible the parent component of the component you edited is a class component, which disables Fast Refresh.
Fast Refresh requires at least one parent function component in your React tree. @ http://localhost:3000/_next/static/chunks/7d626_next_dist_e768cca1._.js:2297
